{"level":"info","message":"API gateway is running on port : 3000","service":"api-gateway","timestamp":"2025-06-15T07:28:11.371Z"}
{"level":"info","message":"Auth service is running on port : http://localhost:3001","service":"api-gateway","timestamp":"2025-06-15T07:28:11.378Z"}
{"level":"info","message":"Redis URL : redis://localhost:6379","service":"api-gateway","timestamp":"2025-06-15T07:28:11.379Z"}
{"level":"info","message":"Recieved POST request to /v1/auth/register","service":"api-gateway","timestamp":"2025-06-15T07:35:14.458Z"}
{"level":"info","message":"Request body, [object Object]","service":"api-gateway","timestamp":"2025-06-15T07:35:14.459Z"}
{"level":"error","message":"AggregateError [ECONNREFUSED]: \n    at internalConnectMultiple (node:net:1117:18)\n    at afterConnectMultiple (node:net:1684:7)","service":"api-gateway","timestamp":"2025-06-15T07:35:14.491Z"}
{"level":"info","message":"API gateway is running on port : 3000","service":"api-gateway","timestamp":"2025-06-15T07:36:22.851Z"}
{"level":"info","message":"Auth service is running on port : http://localhost:3001","service":"api-gateway","timestamp":"2025-06-15T07:36:22.857Z"}
{"level":"info","message":"Redis URL : redis://localhost:6379","service":"api-gateway","timestamp":"2025-06-15T07:36:22.857Z"}
{"level":"info","message":"API gateway is running on port : 3000","service":"api-gateway","timestamp":"2025-06-15T07:36:24.085Z"}
{"level":"info","message":"Auth service is running on port : http://localhost:3001","service":"api-gateway","timestamp":"2025-06-15T07:36:24.092Z"}
{"level":"info","message":"Redis URL : redis://localhost:6379","service":"api-gateway","timestamp":"2025-06-15T07:36:24.094Z"}
{"level":"info","message":"Recieved POST request to /v1/auth/register","service":"api-gateway","timestamp":"2025-06-15T07:37:20.055Z"}
{"level":"info","message":"Request body, [object Object]","service":"api-gateway","timestamp":"2025-06-15T07:37:20.056Z"}
{"level":"error","message":"Proxy error: ","service":"api-gateway","timestamp":"2025-06-15T07:37:20.084Z"}
{"level":"info","message":"Recieved POST request to /v1/auth/register","service":"api-gateway","timestamp":"2025-06-15T07:41:20.150Z"}
{"level":"info","message":"Request body, [object Object]","service":"api-gateway","timestamp":"2025-06-15T07:41:20.151Z"}
{"level":"info","message":"Response recieved from Auth-service: 201","service":"api-gateway","timestamp":"2025-06-15T07:41:20.498Z"}
{"level":"info","message":"Recieved POST request to /v1/auth/register","service":"api-gateway","timestamp":"2025-06-15T07:42:19.216Z"}
{"level":"info","message":"Request body, [object Object]","service":"api-gateway","timestamp":"2025-06-15T07:42:19.217Z"}
{"level":"info","message":"Response recieved from Auth-service: 201","service":"api-gateway","timestamp":"2025-06-15T07:42:19.586Z"}
{"level":"info","message":"API gateway is running on port : 3000","service":"api-gateway","timestamp":"2025-06-15T07:42:44.221Z"}
{"level":"info","message":"Auth service is running on port : http://localhost:3001","service":"api-gateway","timestamp":"2025-06-15T07:42:44.227Z"}
{"level":"info","message":"Redis URL : redis://localhost:6379","service":"api-gateway","timestamp":"2025-06-15T07:42:44.228Z"}
{"level":"info","message":"Recieved POST request to /v1/auth/register","service":"api-gateway","timestamp":"2025-06-15T07:54:51.590Z"}
{"level":"info","message":"Request body, [object Object]","service":"api-gateway","timestamp":"2025-06-15T07:54:51.591Z"}
{"level":"info","message":"Response recieved from Auth-service: 201","service":"api-gateway","timestamp":"2025-06-15T07:54:52.151Z"}
{"level":"info","message":"API gateway is running on port : 3000","service":"api-gateway","timestamp":"2025-06-15T07:57:38.325Z"}
{"level":"info","message":"Auth service is running on port : http://localhost:3001","service":"api-gateway","timestamp":"2025-06-15T07:57:38.330Z"}
{"level":"info","message":"Redis URL : redis://localhost:6379","service":"api-gateway","timestamp":"2025-06-15T07:57:38.331Z"}
{"level":"info","message":"Recieved POST request to /v1/auth/register","service":"api-gateway","timestamp":"2025-06-15T07:58:54.312Z"}
{"level":"info","message":"Request body, {\"username\":\"dialga\",\"email\":\"dialga@gmail.com\",\"password\":\"12345678\",\"name\":\"Dialga\",\"age\":21,\"mobile\":\"1234567890\"}","service":"api-gateway","timestamp":"2025-06-15T07:58:54.313Z"}
{"level":"info","message":"Response recieved from Auth-service: 400","service":"api-gateway","timestamp":"2025-06-15T07:58:54.537Z"}
{"level":"info","message":"Recieved POST request to /v1/auth/register","service":"api-gateway","timestamp":"2025-06-15T08:16:59.925Z"}
{"level":"info","message":"Request body, {\"username\":\"diaa\",\"email\":\"dialga@gmail.com\",\"password\":\"12345678\",\"name\":\"Dialga\",\"age\":21,\"mobile\":\"1234567890\"}","service":"api-gateway","timestamp":"2025-06-15T08:16:59.926Z"}
{"level":"info","message":"Response recieved from Auth-service: 400","service":"api-gateway","timestamp":"2025-06-15T08:16:59.945Z"}
{"level":"info","message":"API gateway is running on port : 3000","service":"api-gateway","timestamp":"2025-06-15T09:13:21.417Z"}
{"level":"info","message":"Auth service is running on port : http://localhost:3001","service":"api-gateway","timestamp":"2025-06-15T09:13:21.422Z"}
{"level":"info","message":"Redis URL : redis://localhost:6379","service":"api-gateway","timestamp":"2025-06-15T09:13:21.423Z"}
{"level":"info","message":"Recieved POST request to /v1/auth/register","service":"api-gateway","timestamp":"2025-06-15T09:15:04.412Z"}
{"level":"info","message":"Request body, {\"email\":\"arceus@gmail.com\",\"password\":\"arceus@gmail.com\"}","service":"api-gateway","timestamp":"2025-06-15T09:15:04.413Z"}
{"level":"info","message":"Response recieved from Auth-service: 400","service":"api-gateway","timestamp":"2025-06-15T09:15:04.559Z"}
{"level":"info","message":"Recieved POST request to /v1/auth/login","service":"api-gateway","timestamp":"2025-06-15T09:15:20.116Z"}
{"level":"info","message":"Request body, {\"email\":\"arceus@gmail.com\",\"password\":\"arceus@gmail.com\"}","service":"api-gateway","timestamp":"2025-06-15T09:15:20.117Z"}
{"level":"info","message":"Response recieved from Auth-service: 500","service":"api-gateway","timestamp":"2025-06-15T09:15:20.272Z"}
{"level":"info","message":"Recieved POST request to /v1/auth/login","service":"api-gateway","timestamp":"2025-06-15T09:16:02.202Z"}
{"level":"info","message":"Request body, {\"email\":\"arceus@gmail.com\",\"password\":\"arceus@gmail.com\"}","service":"api-gateway","timestamp":"2025-06-15T09:16:02.203Z"}
{"level":"info","message":"Response recieved from Auth-service: 400","service":"api-gateway","timestamp":"2025-06-15T09:16:02.378Z"}
{"level":"info","message":"Recieved POST request to /v1/auth/login","service":"api-gateway","timestamp":"2025-06-15T09:16:25.628Z"}
{"level":"info","message":"Request body, {\"email\":\"arceus@gmail.com\",\"password\":\"123456789\"}","service":"api-gateway","timestamp":"2025-06-15T09:16:25.631Z"}
{"level":"info","message":"Response recieved from Auth-service: 400","service":"api-gateway","timestamp":"2025-06-15T09:16:26.010Z"}
{"level":"info","message":"Recieved POST request to /v1/auth/login","service":"api-gateway","timestamp":"2025-06-15T09:16:32.057Z"}
{"level":"info","message":"Request body, {\"email\":\"arceus@gmail.com\",\"password\":\"12345678\"}","service":"api-gateway","timestamp":"2025-06-15T09:16:32.059Z"}
{"level":"info","message":"Response recieved from Auth-service: 200","service":"api-gateway","timestamp":"2025-06-15T09:16:32.416Z"}
{"level":"info","message":"Recieved POST request to /v1/auth/login","service":"api-gateway","timestamp":"2025-06-15T09:19:43.918Z"}
{"level":"info","message":"Request body, {\"email\":\"arceus\",\"password\":\"12345678\"}","service":"api-gateway","timestamp":"2025-06-15T09:19:43.922Z"}
{"level":"info","message":"Response recieved from Auth-service: 400","service":"api-gateway","timestamp":"2025-06-15T09:19:43.943Z"}
{"level":"info","message":"Recieved POST request to /v1/auth/login","service":"api-gateway","timestamp":"2025-06-15T09:20:07.540Z"}
{"level":"info","message":"Request body, {\"username\":\"arceus\",\"password\":\"12345678\"}","service":"api-gateway","timestamp":"2025-06-15T09:20:07.542Z"}
{"level":"info","message":"Response recieved from Auth-service: 400","service":"api-gateway","timestamp":"2025-06-15T09:20:07.621Z"}
{"level":"info","message":"Recieved POST request to /v1/auth/login","service":"api-gateway","timestamp":"2025-06-15T09:20:37.922Z"}
{"level":"info","message":"Request body, {\"email\":\"arceus@gmail.com\",\"password\":\"12345678\"}","service":"api-gateway","timestamp":"2025-06-15T09:20:37.924Z"}
{"level":"info","message":"Response recieved from Auth-service: 200","service":"api-gateway","timestamp":"2025-06-15T09:20:38.333Z"}

{"level":"info","message":"API gateway is running on port : 3000","service":"api-gateway","timestamp":"2025-06-16T14:58:20.195Z"}
{"level":"info","message":"Auth service is running on port : http://localhost:3001","service":"api-gateway","timestamp":"2025-06-16T14:58:20.198Z"}
{"level":"info","message":"Redis URL : redis://localhost:6379","service":"api-gateway","timestamp":"2025-06-16T14:58:20.199Z"}
{"level":"info","message":"Recieved POST request to /v1/auth/register","service":"api-gateway","timestamp":"2025-06-16T14:58:58.538Z"}
{"level":"info","message":"Request body, {\"username\":\"palkia\",\"email\":\"palkia@gmail.com\",\"password\":\"12345678\",\"name\":\"Palkia\",\"age\":21,\"mobile\":\"1234567890\"}","service":"api-gateway","timestamp":"2025-06-16T14:58:58.539Z"}
{"level":"info","message":"Response recieved from Auth-service: 201","service":"api-gateway","timestamp":"2025-06-16T14:58:59.138Z"}
{"level":"info","message":"Recieved POST request to /v1/auth/login","service":"api-gateway","timestamp":"2025-06-16T14:59:30.566Z"}
{"level":"info","message":"Request body, {\"email\":\"palkia@gmail.com\",\"password\":\"12345678\"}","service":"api-gateway","timestamp":"2025-06-16T14:59:30.566Z"}
{"level":"info","message":"Response recieved from Auth-service: 200","service":"api-gateway","timestamp":"2025-06-16T14:59:30.834Z"}
