{"level":"error","message":"AggregateError [ECONNREFUSED]: \n    at internalConnectMultiple (node:net:1117:18)\n    at afterConnectMultiple (node:net:1684:7)","service":"api-gateway","timestamp":"2025-06-15T07:35:14.491Z"}
{"level":"error","message":"Proxy error: ","service":"api-gateway","timestamp":"2025-06-15T07:37:20.084Z"}

{"level":"error","message":"ReferenceError: logger is not defined\n    at validateToken (file:///E:/Web%20development/Node/Part-2/4.microservices/api-gateway/src/middleware/authMiddleware.js:8:5)\n    at Layer.handleRequest (E:\\Web development\\Node\\Part-2\\4.microservices\\api-gateway\\node_modules\\router\\lib\\layer.js:152:17)\n    at trimPrefix (E:\\Web development\\Node\\Part-2\\4.microservices\\api-gateway\\node_modules\\router\\index.js:342:13)\n    at E:\\Web development\\Node\\Part-2\\4.microservices\\api-gateway\\node_modules\\router\\index.js:297:9\n    at processParams (E:\\Web development\\Node\\Part-2\\4.microservices\\api-gateway\\node_modules\\router\\index.js:582:12)\n    at next (E:\\Web development\\Node\\Part-2\\4.microservices\\api-gateway\\node_modules\\router\\index.js:291:5)\n    at file:///E:/Web%20development/Node/Part-2/4.microservices/api-gateway/node_modules/express-rate-limit/dist/index.mjs:794:7\n    at process.processTicksAndRejections (node:internal/process/task_queues:95:5)\n    at async file:///E:/Web%20development/Node/Part-2/4.microservices/api-gateway/node_modules/express-rate-limit/dist/index.mjs:676:5","service":"api-gateway","timestamp":"2025-06-17T10:15:49.856Z"}
{"level":"error","message":"Proxy error: ","service":"api-gateway","timestamp":"2025-06-17T10:17:36.955Z"}
{"level":"error","message":"ReferenceError: user is not defined\n    at validateToken (file:///E:/Web%20development/Node/Part-2/4.microservices/api-gateway/src/middleware/authMiddleware.js:26:14)\n    at Layer.handleRequest (E:\\Web development\\Node\\Part-2\\4.microservices\\api-gateway\\node_modules\\router\\lib\\layer.js:152:17)\n    at trimPrefix (E:\\Web development\\Node\\Part-2\\4.microservices\\api-gateway\\node_modules\\router\\index.js:342:13)\n    at E:\\Web development\\Node\\Part-2\\4.microservices\\api-gateway\\node_modules\\router\\index.js:297:9\n    at processParams (E:\\Web development\\Node\\Part-2\\4.microservices\\api-gateway\\node_modules\\router\\index.js:582:12)\n    at next (E:\\Web development\\Node\\Part-2\\4.microservices\\api-gateway\\node_modules\\router\\index.js:291:5)\n    at file:///E:/Web%20development/Node/Part-2/4.microservices/api-gateway/node_modules/express-rate-limit/dist/index.mjs:794:7\n    at process.processTicksAndRejections (node:internal/process/task_queues:95:5)\n    at async file:///E:/Web%20development/Node/Part-2/4.microservices/api-gateway/node_modules/express-rate-limit/dist/index.mjs:676:5","service":"api-gateway","timestamp":"2025-06-17T10:19:24.833Z"}
{"level":"error","message":"Proxy error: Cannot read properties of undefined (reading 'userId')","service":"api-gateway","timestamp":"2025-06-17T10:40:35.971Z"}
{"level":"error","message":"Proxy error: Cannot read properties of undefined (reading 'userId')","service":"api-gateway","timestamp":"2025-06-17T10:48:36.261Z"}
{"level":"error","message":"Proxy error: ","service":"api-gateway","timestamp":"2025-06-17T12:52:42.639Z"}
{"level":"error","message":"Proxy error: Cannot read properties of undefined (reading 'userId')","service":"api-gateway","timestamp":"2025-06-17T13:39:17.413Z"}
{"level":"error","message":"Proxy error: Cannot read properties of undefined (reading 'userId')","service":"api-gateway","timestamp":"2025-06-17T13:40:10.854Z"}
{"level":"error","message":"Proxy error: Cannot read properties of undefined (reading 'userId')","service":"api-gateway","timestamp":"2025-06-17T13:44:56.692Z"}
{"level":"error","message":"Proxy error: ","service":"api-gateway","timestamp":"2025-06-17T13:56:28.561Z"}
{"level":"error","message":"User not authenticated, specify access token","service":"api-gateway","timestamp":"2025-06-17T13:57:19.261Z"}
{"level":"error","message":"Authorization header missing","service":"api-gateway","timestamp":"2025-06-17T14:01:38.661Z"}
{"level":"error","message":"User not authenticated, specify access token","service":"api-gateway","timestamp":"2025-06-17T14:01:51.334Z"}

{"level":"error","message":"Authorization header missing","service":"api-gateway","timestamp":"2025-06-18T16:23:40.080Z"}
{"level":"error","message":"Authorization header missing","service":"api-gateway","timestamp":"2025-06-18T16:25:52.033Z"}
{"level":"error","message":"Proxy error: ","service":"api-gateway","timestamp":"2025-06-18T16:36:15.634Z"}
{"level":"error","message":"User not authenticated, specify access token","service":"api-gateway","timestamp":"2025-06-18T16:52:19.248Z"}
{"level":"error","message":"User not authenticated, specify access token","service":"api-gateway","timestamp":"2025-06-18T16:59:31.076Z"}
{"level":"error","message":"Proxy error: User not authenticated, specify access token","service":"api-gateway","timestamp":"2025-06-18T16:59:31.077Z"}
{"level":"error","message":"Error: User not authenticated, specify access token\n    at proxyReqOptDecorator (file:///E:/Web%20development/Node/Part-2/4.microservices/api-gateway/src/server.js:82:13)\n    at decorateProxyReqOpt (E:\\Web development\\Node\\Part-2\\4.microservices\\api-gateway\\node_modules\\express-http-proxy\\app\\steps\\decorateProxyReqOpts.js:13:14)\n    at process.processTicksAndRejections (node:internal/process/task_queues:95:5)","service":"api-gateway","timestamp":"2025-06-18T16:59:31.078Z"}
{"level":"error","message":"Authorization header missing","service":"api-gateway","timestamp":"2025-06-18T17:01:42.717Z"}
{"level":"error","message":"Proxy error: ","service":"api-gateway","timestamp":"2025-06-18T17:17:55.742Z"}
{"level":"error","message":"Proxy error: ","service":"api-gateway","timestamp":"2025-06-18T17:34:22.478Z"}
{"level":"error","message":"User not authenticated, specify access token","service":"api-gateway","timestamp":"2025-06-18T17:35:38.605Z"}
{"level":"error","message":"Proxy error: User not authenticated, specify access token","service":"api-gateway","timestamp":"2025-06-18T17:35:38.606Z"}
{"level":"error","message":"Error: User not authenticated, specify access token\n    at proxyReqOptDecorator (file:///E:/Web%20development/Node/Part-2/4.microservices/api-gateway/src/server.js:82:13)\n    at decorateProxyReqOpt (E:\\Web development\\Node\\Part-2\\4.microservices\\api-gateway\\node_modules\\express-http-proxy\\app\\steps\\decorateProxyReqOpts.js:13:14)\n    at process.processTicksAndRejections (node:internal/process/task_queues:95:5)","service":"api-gateway","timestamp":"2025-06-18T17:35:38.606Z"}

{"level":"error","message":"Authorization header missing","service":"api-gateway","timestamp":"2025-06-19T15:55:53.317Z"}
{"level":"error","message":"Proxy error: Cannot read properties of undefined (reading 'startsWith')","service":"api-gateway","timestamp":"2025-06-19T15:56:29.331Z"}
{"level":"error","message":"Proxy error: Cannot read properties of undefined (reading 'startsWith')","service":"api-gateway","timestamp":"2025-06-19T15:58:36.011Z"}
{"level":"error","message":"Proxy error: Cannot read properties of undefined (reading 'startsWith')","service":"api-gateway","timestamp":"2025-06-19T15:59:03.062Z"}
{"level":"error","message":"Proxy error: Cannot read properties of undefined (reading 'startsWith')","service":"api-gateway","timestamp":"2025-06-19T16:02:49.439Z"}
{"level":"error","message":"Proxy error: Cannot read properties of undefined (reading 'startsWith')","service":"api-gateway","timestamp":"2025-06-19T16:04:25.919Z"}
{"level":"error","message":"Proxy error: Cannot read properties of undefined (reading 'startsWith')","service":"api-gateway","timestamp":"2025-06-19T16:05:56.167Z"}
{"level":"error","message":"Proxy error: Cannot read properties of undefined (reading 'startsWith')","service":"api-gateway","timestamp":"2025-06-19T16:06:43.971Z"}
{"level":"error","message":"Proxy error: write ECONNRESET","service":"api-gateway","timestamp":"2025-06-19T16:10:49.251Z"}
{"level":"error","message":"Proxy error: write ECONNRESET","service":"api-gateway","timestamp":"2025-06-19T16:14:00.044Z"}
{"level":"error","message":"Proxy error: ","service":"api-gateway","timestamp":"2025-06-19T16:14:59.636Z"}

{"level":"error","message":"Proxy error: ","service":"api-gateway","timestamp":"2025-06-20T14:26:35.729Z"}
{"level":"error","message":"Authorization header missing","service":"api-gateway","timestamp":"2025-06-20T14:28:24.727Z"}
