{"level":"info","message":"Auth-Service on port 3001","service":"auth-service","timestamp":"2025-06-14T09:52:01.962Z"}
{"level":"info","message":"Connected to mongoDB","service":"auth-service","timestamp":"2025-06-14T09:52:03.578Z"}
{"level":"info","message":"Auth-Service on port 3001","service":"auth-service","timestamp":"2025-06-14T09:52:25.101Z"}
{"level":"info","message":"Connected to mongoDB","service":"auth-service","timestamp":"2025-06-14T09:52:26.081Z"}
{"level":"info","message":"Recieved POST request to /api/auth/register","service":"auth-service","timestamp":"2025-06-14T09:57:45.528Z"}
{"level":"info","message":"Request body : [object Object]","service":"auth-service","timestamp":"2025-06-14T09:57:45.529Z"}
{"level":"info","message":"Registration endpoint hit...","service":"auth-service","timestamp":"2025-06-14T09:57:45.539Z"}
{"0":"\"","1":"u","10":" ","11":"i","12":"s","13":" ","14":"r","15":"e","16":"q","17":"u","18":"i","19":"r","2":"s","20":"e","21":"d","3":"e","4":"r","5":"n","6":"a","7":"m","8":"e","9":"\"","level":"warn","message":"Error while validating fields","service":"auth-service","timestamp":"2025-06-14T09:57:45.549Z"}
{"level":"info","message":"Recieved POST request to /api/auth/register","service":"auth-service","timestamp":"2025-06-14T10:00:04.915Z"}
{"level":"info","message":"Request body : [object Object]","service":"auth-service","timestamp":"2025-06-14T10:00:04.916Z"}
{"level":"info","message":"Registration endpoint hit...","service":"auth-service","timestamp":"2025-06-14T10:00:04.920Z"}
{"0":"\"","1":"u","10":" ","11":"l","12":"e","13":"n","14":"g","15":"t","16":"h","17":" ","18":"m","19":"u","2":"s","20":"s","21":"t","22":" ","23":"b","24":"e","25":" ","26":"a","27":"t","28":" ","29":"l","3":"e","30":"e","31":"a","32":"s","33":"t","34":" ","35":"8","36":" ","37":"c","38":"h","39":"a","4":"r","40":"r","41":"a","42":"c","43":"t","44":"e","45":"r","46":"s","47":" ","48":"l","49":"o","5":"n","50":"n","51":"g","6":"a","7":"m","8":"e","9":"\"","level":"warn","message":"Error while validating fields","service":"auth-service","timestamp":"2025-06-14T10:00:04.924Z"}
{"level":"info","message":"Recieved POST request to /api/auth/register","service":"auth-service","timestamp":"2025-06-14T10:01:24.300Z"}
{"level":"info","message":"Request body : [object Object]","service":"auth-service","timestamp":"2025-06-14T10:01:24.308Z"}
{"level":"info","message":"Registration endpoint hit...","service":"auth-service","timestamp":"2025-06-14T10:01:24.311Z"}
{"0":"\"","1":"p","10":" ","11":"l","12":"e","13":"n","14":"g","15":"t","16":"h","17":" ","18":"m","19":"u","2":"a","20":"s","21":"t","22":" ","23":"b","24":"e","25":" ","26":"a","27":"t","28":" ","29":"l","3":"s","30":"e","31":"a","32":"s","33":"t","34":" ","35":"8","36":" ","37":"c","38":"h","39":"a","4":"s","40":"r","41":"a","42":"c","43":"t","44":"e","45":"r","46":"s","47":" ","48":"l","49":"o","5":"w","50":"n","51":"g","6":"o","7":"r","8":"d","9":"\"","level":"warn","message":"Error while validating fields","service":"auth-service","timestamp":"2025-06-14T10:01:24.314Z"}
{"level":"info","message":"Recieved POST request to /api/auth/register","service":"auth-service","timestamp":"2025-06-14T10:01:30.007Z"}
{"level":"info","message":"Request body : [object Object]","service":"auth-service","timestamp":"2025-06-14T10:01:30.008Z"}
{"level":"info","message":"Registration endpoint hit...","service":"auth-service","timestamp":"2025-06-14T10:01:30.011Z"}
{"buffer":{"data":[104,77,72,122,16,216,217,106,34,199,143,188],"type":"Buffer"},"level":"info","message":"User registered successfully","service":"auth-service","timestamp":"2025-06-14T10:01:30.452Z"}
{"level":"info","message":"Auth-Service on port 3001","service":"auth-service","timestamp":"2025-06-14T10:02:19.095Z"}
{"level":"info","message":"Connected to mongoDB","service":"auth-service","timestamp":"2025-06-14T10:02:20.552Z"}
{"level":"info","message":"Auth-Service on port 3001","service":"auth-service","timestamp":"2025-06-14T10:03:12.298Z"}
{"level":"info","message":"Connected to mongoDB","service":"auth-service","timestamp":"2025-06-14T10:03:13.551Z"}
{"level":"info","message":"Auth-Service on port 3001","service":"auth-service","timestamp":"2025-06-14T10:03:15.422Z"}
{"level":"info","message":"Connected to mongoDB","service":"auth-service","timestamp":"2025-06-14T10:03:16.452Z"}
{"level":"info","message":"Recieved POST request to /api/auth/register","service":"auth-service","timestamp":"2025-06-14T10:03:27.964Z"}
{"level":"info","message":"Request body : [object Object]","service":"auth-service","timestamp":"2025-06-14T10:03:27.965Z"}
{"level":"info","message":"Registration endpoint hit...","service":"auth-service","timestamp":"2025-06-14T10:03:27.969Z"}
{"buffer":{"data":[104,77,72,240,250,175,82,45,240,147,55,169],"type":"Buffer"},"level":"info","message":"User registered successfully","service":"auth-service","timestamp":"2025-06-14T10:03:28.250Z"}
{"level":"info","message":"Recieved POST request to /api/auth/register","service":"auth-service","timestamp":"2025-06-14T10:04:56.165Z"}
{"level":"info","message":"Request body : [object Object]","service":"auth-service","timestamp":"2025-06-14T10:04:56.166Z"}
{"level":"info","message":"Registration endpoint hit...","service":"auth-service","timestamp":"2025-06-14T10:04:56.169Z"}
{"level":"warn","message":"User already exists","service":"auth-service","timestamp":"2025-06-14T10:04:56.372Z"}
{"level":"info","message":"Auth-Service on port 3001","service":"auth-service","timestamp":"2025-06-14T10:06:03.109Z"}
{"level":"info","message":"Connected to mongoDB","service":"auth-service","timestamp":"2025-06-14T10:06:04.305Z"}
